{"level":"info","message":"Server is running on http://localhost:4000","timestamp":"2025-01-20T10:13:16.412Z"}
{"level":"info","message":"Processing tax data sync job for userId: 123","timestamp":"2025-01-20T10:13:16.440Z"}
{"level":"info","message":"Job completed: 1","timestamp":"2025-01-20T10:13:16.444Z"}
{"level":"info","message":"Server is running on http://localhost:4000","timestamp":"2025-01-20T10:28:05.579Z"}
{"level":"info","message":"Processing tax data sync job for userId: 123","timestamp":"2025-01-20T10:28:05.605Z"}
{"level":"info","message":"Job completed: 2","timestamp":"2025-01-20T10:28:05.608Z"}
{"level":"info","message":"Server is running on http://localhost:4000","timestamp":"2025-01-20T10:29:45.146Z"}
{"level":"info","message":"Processing tax data sync job for userId: 123","timestamp":"2025-01-20T10:29:45.174Z"}
{"level":"info","message":"Job completed: 3","timestamp":"2025-01-20T10:29:45.176Z"}
{"level":"error","message":"No tax data found for userId: 123","timestamp":"2025-01-20T10:31:56.639Z"}
{"level":"info","message":"Server is running on http://localhost:4000","timestamp":"2025-01-20T10:40:20.791Z"}
{"level":"info","message":"Processing tax data sync job for userId: 123","timestamp":"2025-01-20T10:40:20.815Z"}
{"level":"info","message":"Job completed: 4","timestamp":"2025-01-20T10:40:20.819Z"}
{"level":"info","message":"No local tax data found for userId: 123. Fetching from IRAS API...","timestamp":"2025-01-20T10:40:31.752Z"}
{"level":"error","message":"Error fetching tax data for userId: 123 Error fetching data from IRAS API","stack":"Error: Error fetching data from IRAS API\n    at irasService (file:///Users/hemanshu0412/kelick_Backend/kelick_server/services/irasService.js:15:11)\n    at process.processTicksAndRejections (node:internal/process/task_queues:105:5)\n    at async getTaxData (file:///Users/hemanshu0412/kelick_Backend/kelick_server/controllers/taxDataController.js:19:24)","timestamp":"2025-01-20T10:40:31.771Z"}
{"level":"info","message":"No local tax data found for userId: 123. Fetching from IRAS API...","timestamp":"2025-01-20T10:41:09.309Z"}
{"level":"error","message":"Error fetching tax data for userId: 123 Error fetching data from IRAS API","stack":"Error: Error fetching data from IRAS API\n    at irasService (file:///Users/hemanshu0412/kelick_Backend/kelick_server/services/irasService.js:15:11)\n    at process.processTicksAndRejections (node:internal/process/task_queues:105:5)\n    at async getTaxData (file:///Users/hemanshu0412/kelick_Backend/kelick_server/controllers/taxDataController.js:19:24)","timestamp":"2025-01-20T10:41:09.337Z"}
{"level":"info","message":"Server is running on http://localhost:4000","timestamp":"2025-01-20T10:42:15.370Z"}
{"level":"info","message":"Processing tax data sync job for userId: 123","timestamp":"2025-01-20T10:42:15.387Z"}
{"level":"info","message":"Job completed: 5","timestamp":"2025-01-20T10:42:15.390Z"}
{"level":"info","message":"No local tax data found for userId: 123. Fetching from IRAS API...","timestamp":"2025-01-20T10:42:18.763Z"}
{"clientVersion":"6.2.1","level":"error","message":"Error fetching tax data for userId: 123 \nInvalid `prisma.taxData.create()` invocation:\n\n{\n  data: {\n    userId: 123,\n    taxYear: \"2024\",\n    taxAmount: 5000,\n+   employeeName: String\n  }\n}\n\nArgument `employeeName` is missing.","name":"PrismaClientValidationError","stack":"PrismaClientValidationError: \nInvalid `prisma.taxData.create()` invocation:\n\n{\n  data: {\n    userId: 123,\n    taxYear: \"2024\",\n    taxAmount: 5000,\n+   employeeName: String\n  }\n}\n\nArgument `employeeName` is missing.\n    at wn (/Users/hemanshu0412/kelick_Backend/kelick_server/node_modules/@prisma/client/runtime/library.js:29:1363)\n    at Vn.handleRequestError (/Users/hemanshu0412/kelick_Backend/kelick_server/node_modules/@prisma/client/runtime/library.js:121:6982)\n    at Vn.handleAndLogRequestError (/Users/hemanshu0412/kelick_Backend/kelick_server/node_modules/@prisma/client/runtime/library.js:121:6663)\n    at Vn.request (/Users/hemanshu0412/kelick_Backend/kelick_server/node_modules/@prisma/client/runtime/library.js:121:6370)\n    at async l (/Users/hemanshu0412/kelick_Backend/kelick_server/node_modules/@prisma/client/runtime/library.js:130:9617)\n    at async getTaxData (file:///Users/hemanshu0412/kelick_Backend/kelick_server/controllers/taxDataController.js:26:17)","timestamp":"2025-01-20T10:42:18.818Z"}
{"level":"info","message":"Server is running on http://localhost:4000","timestamp":"2025-01-20T10:43:30.093Z"}
{"level":"info","message":"Processing tax data sync job for userId: 123","timestamp":"2025-01-20T10:43:30.107Z"}
{"level":"info","message":"Job completed: 6","timestamp":"2025-01-20T10:43:30.108Z"}
{"level":"info","message":"No local tax data found for userId: 123. Fetching from IRAS API...","timestamp":"2025-01-20T10:43:37.771Z"}
{"clientVersion":"6.2.1","level":"error","message":"Error fetching tax data for userId: 123 \nInvalid `prisma.taxData.create()` invocation:\n\n{\n  data: {\n    userId: 123,\n    taxYear: \"2024\",\n    taxAmount: 5000,\n    employeeName: \"John Doe\",\n+   taxableIncome: Int\n  }\n}\n\nArgument `taxableIncome` is missing.","name":"PrismaClientValidationError","stack":"PrismaClientValidationError: \nInvalid `prisma.taxData.create()` invocation:\n\n{\n  data: {\n    userId: 123,\n    taxYear: \"2024\",\n    taxAmount: 5000,\n    employeeName: \"John Doe\",\n+   taxableIncome: Int\n  }\n}\n\nArgument `taxableIncome` is missing.\n    at wn (/Users/hemanshu0412/kelick_Backend/kelick_server/node_modules/@prisma/client/runtime/library.js:29:1363)\n    at Vn.handleRequestError (/Users/hemanshu0412/kelick_Backend/kelick_server/node_modules/@prisma/client/runtime/library.js:121:6982)\n    at Vn.handleAndLogRequestError (/Users/hemanshu0412/kelick_Backend/kelick_server/node_modules/@prisma/client/runtime/library.js:121:6663)\n    at Vn.request (/Users/hemanshu0412/kelick_Backend/kelick_server/node_modules/@prisma/client/runtime/library.js:121:6370)\n    at async l (/Users/hemanshu0412/kelick_Backend/kelick_server/node_modules/@prisma/client/runtime/library.js:130:9617)\n    at async getTaxData (file:///Users/hemanshu0412/kelick_Backend/kelick_server/controllers/taxDataController.js:26:17)","timestamp":"2025-01-20T10:43:37.806Z"}
{"level":"info","message":"Server is running on http://localhost:4000","timestamp":"2025-01-20T10:44:41.485Z"}
{"level":"info","message":"Processing tax data sync job for userId: 123","timestamp":"2025-01-20T10:44:41.503Z"}
{"level":"info","message":"Job completed: 7","timestamp":"2025-01-20T10:44:41.506Z"}
{"level":"info","message":"No local tax data found for userId: 123. Fetching from IRAS API...","timestamp":"2025-01-20T10:44:46.455Z"}
{"clientVersion":"6.2.1","level":"error","message":"Error fetching tax data for userId: 123 \nInvalid `prisma.taxData.create()` invocation:\n\n{\n  data: {\n    userId: 123,\n    ~~~~~~\n    taxYear: \"2024\",\n    taxAmount: 5000,\n    employeeName: \"John Doe\",\n    taxableIncome: 50000\n  }\n}\n\nUnknown argument `userId`. Available options are marked with ?.","name":"PrismaClientValidationError","stack":"PrismaClientValidationError: \nInvalid `prisma.taxData.create()` invocation:\n\n{\n  data: {\n    userId: 123,\n    ~~~~~~\n    taxYear: \"2024\",\n    taxAmount: 5000,\n    employeeName: \"John Doe\",\n    taxableIncome: 50000\n  }\n}\n\nUnknown argument `userId`. Available options are marked with ?.\n    at wn (/Users/hemanshu0412/kelick_Backend/kelick_server/node_modules/@prisma/client/runtime/library.js:29:1363)\n    at Vn.handleRequestError (/Users/hemanshu0412/kelick_Backend/kelick_server/node_modules/@prisma/client/runtime/library.js:121:6982)\n    at Vn.handleAndLogRequestError (/Users/hemanshu0412/kelick_Backend/kelick_server/node_modules/@prisma/client/runtime/library.js:121:6663)\n    at Vn.request (/Users/hemanshu0412/kelick_Backend/kelick_server/node_modules/@prisma/client/runtime/library.js:121:6370)\n    at async l (/Users/hemanshu0412/kelick_Backend/kelick_server/node_modules/@prisma/client/runtime/library.js:130:9617)\n    at async getTaxData (file:///Users/hemanshu0412/kelick_Backend/kelick_server/controllers/taxDataController.js:26:17)","timestamp":"2025-01-20T10:44:46.483Z"}
{"level":"info","message":"Server is running on http://localhost:4000","timestamp":"2025-01-20T10:45:15.531Z"}
{"level":"info","message":"Processing tax data sync job for userId: 123","timestamp":"2025-01-20T10:45:15.550Z"}
{"level":"info","message":"Job completed: 8","timestamp":"2025-01-20T10:45:15.553Z"}
{"level":"info","message":"No local tax data found for userId: 123. Fetching from IRAS API...","timestamp":"2025-01-20T10:45:20.015Z"}
{"level":"info","message":"Tax data fetched from IRAS API and stored for userId: 123","timestamp":"2025-01-20T10:45:20.111Z"}
{"level":"info","message":"Tax data fetched for userId: 123","timestamp":"2025-01-20T10:45:20.112Z"}
{"level":"info","message":"No local tax data found for userId: 123. Fetching from IRAS API...","timestamp":"2025-01-20T10:45:44.059Z"}
{"level":"info","message":"Tax data fetched from IRAS API and stored for userId: 123","timestamp":"2025-01-20T10:45:44.111Z"}
{"level":"info","message":"Tax data fetched for userId: 123","timestamp":"2025-01-20T10:45:44.112Z"}
{"level":"info","message":"Server is running on http://localhost:4000","timestamp":"2025-01-20T10:46:13.966Z"}
{"level":"info","message":"Processing tax data sync job for userId: 123","timestamp":"2025-01-20T10:46:13.985Z"}
{"level":"info","message":"Job completed: 9","timestamp":"2025-01-20T10:46:13.990Z"}
{"level":"info","message":"No local tax data found for userId: 123. Fetching from IRAS API...","timestamp":"2025-01-20T10:46:16.938Z"}
{"level":"info","message":"Tax data fetched from IRAS API and stored for userId: 123","timestamp":"2025-01-20T10:46:17.048Z"}
{"level":"info","message":"Tax data fetched for userId: 123","timestamp":"2025-01-20T10:46:17.057Z"}
{"level":"info","message":"Tax data fetched for userId: 123","timestamp":"2025-01-20T10:46:26.850Z"}
{"level":"info","message":"Tax data fetched for userId: 123","timestamp":"2025-01-20T10:46:53.242Z"}
{"level":"info","message":"Tax data fetched for userId: 123","timestamp":"2025-01-20T10:47:03.343Z"}
{"level":"info","message":"Tax data fetched for userId: 123","timestamp":"2025-01-20T10:47:04.769Z"}
{"level":"info","message":"No local tax data found for userId: 12. Fetching from IRAS API...","timestamp":"2025-01-20T10:47:13.649Z"}
{"level":"error","message":"Error fetching tax data for userId: 12 Error fetching data from IRAS API","stack":"Error: Error fetching data from IRAS API\n    at irasService (file:///Users/hemanshu0412/kelick_Backend/kelick_server/services/irasService.js:15:11)\n    at process.processTicksAndRejections (node:internal/process/task_queues:105:5)\n    at async getTaxData (file:///Users/hemanshu0412/kelick_Backend/kelick_server/controllers/taxDataController.js:18:24)","timestamp":"2025-01-20T10:47:13.679Z"}
{"level":"info","message":"Server is running on http://localhost:4000","timestamp":"2025-01-20T10:50:32.051Z"}
{"level":"info","message":"Processing tax data sync job for userId: 123","timestamp":"2025-01-20T10:50:32.067Z"}
{"level":"info","message":"Job completed: 10","timestamp":"2025-01-20T10:50:32.069Z"}
{"level":"info","message":"No local tax data found for userId: 12. Fetching from IRAS API...","timestamp":"2025-01-20T10:51:21.447Z"}
{"level":"info","message":"Tax data fetched from IRAS API and stored for userId: 12","timestamp":"2025-01-20T10:51:21.572Z"}
{"level":"info","message":"Tax data fetched for userId: 12","timestamp":"2025-01-20T10:51:21.573Z"}
{"level":"info","message":"Tax data fetched for userId: 12","timestamp":"2025-01-20T10:51:22.864Z"}
{"level":"info","message":"Tax data fetched for userId: 12","timestamp":"2025-01-20T10:51:46.800Z"}
{"level":"info","message":"Tax data fetched for userId: 12","timestamp":"2025-01-20T10:51:48.546Z"}
{"level":"info","message":"No local tax data found for userId: 11. Fetching from IRAS API...","timestamp":"2025-01-20T10:51:52.214Z"}
{"level":"info","message":"Tax data fetched from IRAS API and stored for userId: 11","timestamp":"2025-01-20T10:51:52.266Z"}
{"level":"info","message":"Tax data fetched for userId: 11","timestamp":"2025-01-20T10:51:52.266Z"}
{"level":"info","message":"Server is running on http://localhost:4000","timestamp":"2025-01-20T10:54:37.031Z"}
{"level":"info","message":"Processing tax data sync job for userId: 123","timestamp":"2025-01-20T10:54:37.058Z"}
{"level":"info","message":"Job completed: 11","timestamp":"2025-01-20T10:54:37.060Z"}
{"level":"info","message":"Tax data cached for userId: 11","timestamp":"2025-01-20T10:54:42.212Z"}
{"level":"info","message":"Cache hit for userId: 11","timestamp":"2025-01-20T10:54:54.686Z"}
{"level":"info","message":"Cache hit for userId: 11","timestamp":"2025-01-20T10:55:02.684Z"}
{"level":"info","message":"Cache hit for userId: 11","timestamp":"2025-01-20T10:55:03.457Z"}
{"level":"info","message":"Cache hit for userId: 11","timestamp":"2025-01-20T10:55:04.188Z"}
{"level":"info","message":"Cache hit for userId: 11","timestamp":"2025-01-20T10:55:04.926Z"}
{"level":"info","message":"Cache hit for userId: 11","timestamp":"2025-01-20T10:55:05.655Z"}
{"level":"info","message":"Cache hit for userId: 11","timestamp":"2025-01-20T10:55:15.094Z"}
{"level":"info","message":"Cache hit for userId: 11","timestamp":"2025-01-20T10:55:15.825Z"}
{"level":"info","message":"Cache hit for userId: 11","timestamp":"2025-01-20T10:55:17.404Z"}
{"level":"info","message":"No local tax data found for userId: 131. Fetching from IRAS API...","timestamp":"2025-01-20T10:55:26.064Z"}
{"clientVersion":"6.2.1","level":"error","message":"Error fetching tax data for userId: 131 \nInvalid `prisma.taxData.create()` invocation:\n\n{\n  data: {\n    userId: 131,\n    taxYear: \"2024\",\n    taxAmount: 5000,\n+   employeeName: String\n  }\n}\n\nArgument `employeeName` is missing.","name":"PrismaClientValidationError","stack":"PrismaClientValidationError: \nInvalid `prisma.taxData.create()` invocation:\n\n{\n  data: {\n    userId: 131,\n    taxYear: \"2024\",\n    taxAmount: 5000,\n+   employeeName: String\n  }\n}\n\nArgument `employeeName` is missing.\n    at wn (/Users/hemanshu0412/kelick_Backend/kelick_server/node_modules/@prisma/client/runtime/library.js:29:1363)\n    at Vn.handleRequestError (/Users/hemanshu0412/kelick_Backend/kelick_server/node_modules/@prisma/client/runtime/library.js:121:6982)\n    at Vn.handleAndLogRequestError (/Users/hemanshu0412/kelick_Backend/kelick_server/node_modules/@prisma/client/runtime/library.js:121:6663)\n    at Vn.request (/Users/hemanshu0412/kelick_Backend/kelick_server/node_modules/@prisma/client/runtime/library.js:121:6370)\n    at async l (/Users/hemanshu0412/kelick_Backend/kelick_server/node_modules/@prisma/client/runtime/library.js:130:9617)\n    at async getTaxData (file:///Users/hemanshu0412/kelick_Backend/kelick_server/controllers/taxDataController.js:32:17)","timestamp":"2025-01-20T10:55:26.092Z"}
{"level":"info","message":"Server is running on http://localhost:4000","timestamp":"2025-01-20T10:56:08.488Z"}
{"level":"info","message":"Processing tax data sync job for userId: 123","timestamp":"2025-01-20T10:56:08.507Z"}
{"level":"info","message":"Job completed: 12","timestamp":"2025-01-20T10:56:08.510Z"}
{"level":"info","message":"No local tax data found for userId: 131. Fetching from IRAS API...","timestamp":"2025-01-20T10:56:13.410Z"}
{"clientVersion":"6.2.1","level":"error","message":"Error fetching tax data for userId: 131 \nInvalid `prisma.taxData.create()` invocation:\n\n{\n  data: {\n    employeeName: \"John Doe\",\n    taxableIncome: 50000,\n    userId: 131,\n    ~~~~~~\n    taxYear: \"2024\",\n    taxAmount: 5000\n  }\n}\n\nUnknown argument `userId`. Available options are marked with ?.","name":"PrismaClientValidationError","stack":"PrismaClientValidationError: \nInvalid `prisma.taxData.create()` invocation:\n\n{\n  data: {\n    employeeName: \"John Doe\",\n    taxableIncome: 50000,\n    userId: 131,\n    ~~~~~~\n    taxYear: \"2024\",\n    taxAmount: 5000\n  }\n}\n\nUnknown argument `userId`. Available options are marked with ?.\n    at wn (/Users/hemanshu0412/kelick_Backend/kelick_server/node_modules/@prisma/client/runtime/library.js:29:1363)\n    at Vn.handleRequestError (/Users/hemanshu0412/kelick_Backend/kelick_server/node_modules/@prisma/client/runtime/library.js:121:6982)\n    at Vn.handleAndLogRequestError (/Users/hemanshu0412/kelick_Backend/kelick_server/node_modules/@prisma/client/runtime/library.js:121:6663)\n    at Vn.request (/Users/hemanshu0412/kelick_Backend/kelick_server/node_modules/@prisma/client/runtime/library.js:121:6370)\n    at async l (/Users/hemanshu0412/kelick_Backend/kelick_server/node_modules/@prisma/client/runtime/library.js:130:9617)\n    at async getTaxData (file:///Users/hemanshu0412/kelick_Backend/kelick_server/controllers/taxDataController.js:32:17)","timestamp":"2025-01-20T10:56:13.454Z"}
{"level":"info","message":"Server is running on http://localhost:4000","timestamp":"2025-01-20T10:56:35.863Z"}
{"level":"info","message":"Processing tax data sync job for userId: 123","timestamp":"2025-01-20T10:56:35.883Z"}
{"level":"info","message":"Job completed: 13","timestamp":"2025-01-20T10:56:35.885Z"}
{"level":"info","message":"No local tax data found for userId: 131. Fetching from IRAS API...","timestamp":"2025-01-20T10:56:39.697Z"}
{"level":"info","message":"Tax data fetched from IRAS API and stored for userId: 131","timestamp":"2025-01-20T10:56:39.814Z"}
{"level":"info","message":"Tax data cached for userId: 131","timestamp":"2025-01-20T10:56:39.816Z"}
{"level":"info","message":"Cache hit for userId: 131","timestamp":"2025-01-20T10:56:47.353Z"}
{"level":"info","message":"Cache hit for userId: 131","timestamp":"2025-01-20T10:56:48.953Z"}
{"level":"info","message":"No local tax data found for userId: 13. Fetching from IRAS API...","timestamp":"2025-01-20T10:56:54.342Z"}
{"level":"info","message":"Tax data fetched from IRAS API and stored for userId: 13","timestamp":"2025-01-20T10:56:54.394Z"}
{"level":"info","message":"Tax data cached for userId: 13","timestamp":"2025-01-20T10:56:54.396Z"}
{"level":"info","message":"Cache hit for userId: 13","timestamp":"2025-01-20T10:57:05.866Z"}
{"level":"info","message":"Cache hit for userId: 11","timestamp":"2025-01-20T10:57:08.960Z"}
{"level":"info","message":"Cache hit for userId: 11","timestamp":"2025-01-20T10:57:14.073Z"}
{"level":"info","message":"Cache hit for userId: 11","timestamp":"2025-01-20T10:57:14.912Z"}
